<?xml version="1.0" encoding="UTF-8"?>
<!-- Generated by org.testng.reporters.JUnitXMLReporter -->
<testsuite hostname="DESKTOP-BD60B20" ignored="0" name="Default test(failed)" tests="1" failures="1" timestamp="01 Feb 2022 08:30:53 GMT" time="0.049" errors="0">
  <testcase name="tc1" time="0.0" classname="org.sample.Para">
    <failure type="org.testng.TestNGException" message="
Parameter &amp;apos;Username&amp;apos; is required by @Test on method tc1 but has not been marked @Optional or defined
in C:\Users\hp\eclipse-workspaces\Testng\test-output\testng-failed.xml">
      <![CDATA[org.testng.TestNGException: 
Parameter 'Username' is required by @Test on method tc1 but has not been marked @Optional or defined
in C:\Users\hp\eclipse-workspaces\Testng\test-output\testng-failed.xml
... Removed 24 stack frames]]>
    </failure>
  </testcase> <!-- tc1 -->
</testsuite> <!-- Default test(failed) -->
